#
# There is insufficient memory for the Java Runtime Environment to continue.
# Native memory allocation (malloc) failed to allocate 1860000 bytes for Chunk::new
# Possible reasons:
#   The system is out of physical RAM or swap space
#   The process is running with CompressedOops enabled, and the Java Heap may be blocking the growth of the native heap
# Possible solutions:
#   Reduce memory load on the system
#   Increase physical memory or swap space
#   Check if swap backing store is full
#   Decrease Java heap size (-Xmx/-Xms)
#   Decrease number of Java threads
#   Decrease Java thread stack sizes (-Xss)
#   Set larger code cache with -XX:ReservedCodeCacheSize=
#   JVM is running with Unscaled Compressed Oops mode in which the Java heap is
#     placed in the first 4GB address space. The Java Heap base address is the
#     maximum limit for the native heap growth. Please use -XX:HeapBaseMinAddress
#     to set the Java Heap base and to place the Java Heap above 4GB virtual address.
# This output file may be truncated or incomplete.
#
#  Out of Memory Error (allocation.cpp:389), pid=1740, tid=0x0000000000003f8c
#
# JRE version: OpenJDK Runtime Environment (8.0_242-b01) (build 1.8.0_242-release-1644-b01)
# Java VM: OpenJDK 64-Bit Server VM (25.242-b01 mixed mode windows-amd64 compressed oops)
# Failed to write core dump. Minidumps are not enabled by default on client versions of Windows
#

---------------  T H R E A D  ---------------

Current thread (0x00000000197ed000):  JavaThread "C2 CompilerThread2" daemon [_thread_in_native, id=16268, stack(0x000000001a2c0000,0x000000001a3c0000)]

Stack: [0x000000001a2c0000,0x000000001a3c0000]
[error occurred during error reporting (printing stack bounds), id 0xc0000005]

Native frames: (J=compiled Java code, j=interpreted, Vv=VM code, C=native code)


Current CompileTask:
C2:   7657 4450       4       com.sun.beans.TypeResolver::resolve (37 bytes)


---------------  P R O C E S S  ---------------

Java Threads: ( => current thread )
  0x000000001f248800 JavaThread "Cache worker for Build Output Cleanup Cache (C:\Users\nives\AndroidStudioProjects\Battle\.gradle\buildOutputCleanup)" [_thread_blocked, id=15624, stack(0x00000000255f0000,0x00000000256f0000)]
  0x000000001f24f800 JavaThread "Build operations Thread 8" [_thread_blocked, id=13360, stack(0x00000000259c0000,0x0000000025ac0000)]
  0x000000001f24e800 JavaThread "Build operations Thread 7" [_thread_blocked, id=8000, stack(0x00000000258c0000,0x00000000259c0000)]
  0x000000001f249800 JavaThread "Build operations Thread 6" [_thread_blocked, id=13372, stack(0x00000000257c0000,0x00000000258c0000)]
  0x000000001f24a000 JavaThread "Build operations Thread 5" [_thread_blocked, id=3104, stack(0x0000000021440000,0x0000000021540000)]
  0x000000001f247000 JavaThread "Build operations Thread 4" [_thread_blocked, id=17292, stack(0x0000000023d50000,0x0000000023e50000)]
  0x000000001f24e000 JavaThread "Build operations Thread 3" [_thread_blocked, id=13016, stack(0x00000000252f0000,0x00000000253f0000)]
  0x000000001f246800 JavaThread "Build operations Thread 2" [_thread_blocked, id=14556, stack(0x00000000251f0000,0x00000000252f0000)]
  0x000000001f24d000 JavaThread "Build operations" [_thread_blocked, id=2940, stack(0x0000000023ef0000,0x0000000023ff0000)]
  0x000000001c61f000 JavaThread "Cache worker for execution history cache (C:\Users\nives\.gradle\caches\6.1.1\executionHistory)" [_thread_blocked, id=10048, stack(0x0000000021140000,0x0000000021240000)]
  0x000000001c61d800 JavaThread "Cache worker for cache directory md-rule (C:\Users\nives\.gradle\caches\6.1.1\md-rule)" [_thread_blocked, id=11196, stack(0x0000000021040000,0x0000000021140000)]
  0x000000001c61a800 JavaThread "Cache worker for cache directory md-supplier (C:\Users\nives\.gradle\caches\6.1.1\md-supplier)" [_thread_blocked, id=10212, stack(0x0000000020aa0000,0x0000000020ba0000)]
  0x000000001c61e800 JavaThread "Cache worker for file hash cache (C:\Users\nives\AndroidStudioProjects\Battle\.gradle\6.1.1\fileHashes)" [_thread_blocked, id=12508, stack(0x0000000020d40000,0x0000000020e40000)]
  0x000000001c620000 JavaThread "Cache worker for checksums cache (C:\Users\nives\AndroidStudioProjects\Battle\.gradle\checksums)" [_thread_blocked, id=8932, stack(0x0000000020c40000,0x0000000020d40000)]
  0x000000001c61d000 JavaThread "Cache worker for file hash cache (C:\Users\nives\.gradle\caches\6.1.1\fileHashes)" [_thread_blocked, id=3088, stack(0x000000001e600000,0x000000001e700000)]
  0x000000001c61c000 JavaThread "File lock request listener" [_thread_in_native, id=11044, stack(0x000000001e500000,0x000000001e600000)]
  0x000000001c3d3800 JavaThread "Cache worker for journal cache (C:\Users\nives\.gradle\caches\journal-1)" [_thread_blocked, id=15524, stack(0x000000001e400000,0x000000001e500000)]
  0x000000001c2d6000 JavaThread "Thread-9" [_thread_blocked, id=13872, stack(0x000000001e100000,0x000000001e200000)]
  0x000000001c2e2000 JavaThread "Stdin handler" [_thread_blocked, id=9316, stack(0x000000001e000000,0x000000001e100000)]
  0x000000001c2e3800 JavaThread "Asynchronous log dispatcher for DefaultDaemonConnection: socket connection from /127.0.0.1:55568 to /127.0.0.1:55569" [_thread_blocked, id=12436, stack(0x000000001de00000,0x000000001df00000)]
  0x000000001c2e6000 JavaThread "Daemon worker" [_thread_in_Java, id=3628, stack(0x000000001dd00000,0x000000001de00000)]
  0x000000001c2e4000 JavaThread "Cancel handler" [_thread_blocked, id=16652, stack(0x000000001dc00000,0x000000001dd00000)]
  0x000000001c280800 JavaThread "Handler for socket connection from /127.0.0.1:55568 to /127.0.0.1:55569" [_thread_in_native, id=12064, stack(0x000000001d900000,0x000000001da00000)]
  0x000000001c20e800 JavaThread "Daemon" [_thread_blocked, id=14432, stack(0x000000001d800000,0x000000001d900000)]
  0x000000001c1ef800 JavaThread "Daemon periodic checks" [_thread_blocked, id=14904, stack(0x000000001d700000,0x000000001d800000)]
  0x000000001c22e800 JavaThread "Incoming local TCP Connector on port 55568" [_thread_in_native, id=10232, stack(0x000000001d4a0000,0x000000001d5a0000)]
  0x000000001990d000 JavaThread "Daemon health stats" [_thread_blocked, id=6708, stack(0x000000001ce60000,0x000000001cf60000)]
  0x0000000019879000 JavaThread "Service Thread" daemon [_thread_blocked, id=13884, stack(0x000000001a4c0000,0x000000001a5c0000)]
  0x00000000197f4000 JavaThread "C1 CompilerThread3" daemon [_thread_blocked, id=14932, stack(0x000000001a3c0000,0x000000001a4c0000)]
=>0x00000000197ed000 JavaThread "C2 CompilerThread2" daemon [_thread_in_native, id=16268, stack(0x000000001a2c0000,0x000000001a3c0000)]
  0x00000000197e5000 JavaThread "C2 CompilerThread1" daemon [_thread_in_native, id=16524, stack(0x000000001a1c0000,0x000000001a2c0000)]
  0x00000000197e2000 JavaThread "C2 CompilerThread0" daemon [_thread_blocked, id=5744, stack(0x000000001a0c0000,0x000000001a1c0000)]
  0x00000000197e0800 JavaThread "Attach Listener" daemon [_thread_blocked, id=16436, stack(0x0000000019fc0000,0x000000001a0c0000)]
  0x00000000197df000 JavaThread "Signal Dispatcher" daemon [_thread_blocked, id=10088, stack(0x0000000019ec0000,0x0000000019fc0000)]
  0x00000000197d0800 JavaThread "Finalizer" daemon [_thread_blocked, id=13064, stack(0x0000000019cb0000,0x0000000019db0000)]
  0x0000000002967000 JavaThread "Reference Handler" daemon [_thread_blocked, id=15676, stack(0x0000000019bb0000,0x0000000019cb0000)]
  0x000000000286e000 JavaThread "main" [_thread_blocked, id=8996, stack(0x00000000026c0000,0x00000000027c0000)]

Other Threads:
  0x00000000179d6800 VMThread [stack: 0x00000000196b0000,0x00000000197b0000] [id=5996]
  0x0000000019844000 WatcherThread [stack: 0x000000001a5c0000,0x000000001a6c0000] [id=7232]

VM state:not at safepoint (normal execution)

VM Mutex/Monitor currently owned by a thread: None

heap address: 0x0000000080000000, size: 2048 MB, Compressed Oops mode: 32-bit
Narrow klass base: 0x0000000000000000, Narrow klass shift: 3
Compressed class space size: 1073741824 Address: 0x0000000100000000

Heap:
 PSYoungGen      total 153088K, used 105343K [0x00000000d5580000, 0x00000000e0800000, 0x0000000100000000)
  eden space 141312K, 66% used [0x00000000d5580000,0x00000000db0e1680,0x00000000ddf80000)
  from space 11776K, 99% used [0x00000000dfc80000,0x00000000e07fe918,0x00000000e0800000)
  to   space 13824K, 0% used [0x00000000ded00000,0x00000000ded00000,0x00000000dfa80000)
 ParOldGen       total 81408K, used 17505K [0x0000000080000000, 0x0000000084f80000, 0x00000000d5580000)
  object space 81408K, 21% used [0x0000000080000000,0x0000000081118580,0x0000000084f80000)
 Metaspace       used 52163K, capacity 53954K, committed 54192K, reserved 1095680K
  class space    used 7079K, capacity 7508K, committed 7600K, reserved 1048576K

Card table byte_map: [0x0000000011d30000,0x0000000012140000] byte_map_base: 0x0000000011930000

Marking Bits: (ParMarkBitMap*) 0x0000000077b2f030
 Begin Bits: [0x0000000012bf0000, 0x0000000014bf0000)
 End Bits:   [0x0000000014bf0000, 0x0000000016bf0000)

Polling page: 0x00000000005f0000

CodeCache: size=245760Kb used=14675Kb max_used=14683Kb free=231084Kb
 bounds [0x0000000002970000, 0x00000000037e0000, 0x0000000011970000]
 total_blobs=4956 nmethods=4186 adapters=683
 compilation: enabled

Compilation events (10 events):
Event: 7.604 Thread 0x00000000197e2000 4591   !   4       java.util.concurrent.ConcurrentHashMap::replaceNode (416 bytes)
Event: 7.612 Thread 0x00000000197e2000 nmethod 4591 0x00000000037cef90 code [0x00000000037cf100, 0x00000000037cf928]
Event: 7.614 Thread 0x00000000197e2000 4592       4       java.util.concurrent.ConcurrentHashMap::remove (8 bytes)
Event: 7.614 Thread 0x00000000197e2000 nmethod 4592 0x00000000037cc090 code [0x00000000037cc1e0, 0x00000000037cc268]
Event: 7.617 Thread 0x00000000197f4000 4593       3       org.apache.commons.lang.StringUtils::containsAny (128 bytes)
Event: 7.618 Thread 0x00000000197f4000 nmethod 4593 0x00000000037cd7d0 code [0x00000000037cd9e0, 0x00000000037ce7a8]
Event: 7.618 Thread 0x00000000197f4000 4594       1       com.google.common.collect.ImmutableMapEntry$NonTerminalImmutableMapEntry::getNextInKeyBucket (5 bytes)
Event: 7.618 Thread 0x00000000197f4000 nmethod 4594 0x00000000037cbdd0 code [0x00000000037cbf20, 0x00000000037cc030]
Event: 7.620 Thread 0x00000000197e2000 4595       4       java.util.concurrent.locks.ReentrantLock$Sync::nonfairTryAcquire (67 bytes)
Event: 7.621 Thread 0x00000000197e2000 nmethod 4595 0x00000000037cbb10 code [0x00000000037cbc40, 0x00000000037cbd38]

GC Heap History (10 events):
Event: 3.687 GC heap before
{Heap before GC invocations=8 (full 1):
 PSYoungGen      total 74752K, used 64512K [0x00000000d5580000, 0x00000000dab80000, 0x0000000100000000)
  eden space 64512K, 100% used [0x00000000d5580000,0x00000000d9480000,0x00000000d9480000)
  from space 10240K, 0% used [0x00000000d9f80000,0x00000000d9f80000,0x00000000da980000)
  to   space 11264K, 0% used [0x00000000d9480000,0x00000000d9480000,0x00000000d9f80000)
 ParOldGen       total 55808K, used 8949K [0x0000000080000000, 0x0000000083680000, 0x00000000d5580000)
  object space 55808K, 16% used [0x0000000080000000,0x00000000808bd700,0x0000000083680000)
 Metaspace       used 28132K, capacity 28864K, committed 28976K, reserved 1075200K
  class space    used 3887K, capacity 4131K, committed 4144K, reserved 1048576K
Event: 3.694 GC heap after
Heap after GC invocations=8 (full 1):
 PSYoungGen      total 75776K, used 8153K [0x00000000d5580000, 0x00000000dd700000, 0x0000000100000000)
  eden space 64512K, 0% used [0x00000000d5580000,0x00000000d5580000,0x00000000d9480000)
  from space 11264K, 72% used [0x00000000d9480000,0x00000000d9c76478,0x00000000d9f80000)
  to   space 11264K, 0% used [0x00000000dcc00000,0x00000000dcc00000,0x00000000dd700000)
 ParOldGen       total 55808K, used 8957K [0x0000000080000000, 0x0000000083680000, 0x00000000d5580000)
  object space 55808K, 16% used [0x0000000080000000,0x00000000808bf700,0x0000000083680000)
 Metaspace       used 28132K, capacity 28864K, committed 28976K, reserved 1075200K
  class space    used 3887K, capacity 4131K, committed 4144K, reserved 1048576K
}
Event: 4.187 GC heap before
{Heap before GC invocations=9 (full 1):
 PSYoungGen      total 75776K, used 72665K [0x00000000d5580000, 0x00000000dd700000, 0x0000000100000000)
  eden space 64512K, 100% used [0x00000000d5580000,0x00000000d9480000,0x00000000d9480000)
  from space 11264K, 72% used [0x00000000d9480000,0x00000000d9c76478,0x00000000d9f80000)
  to   space 11264K, 0% used [0x00000000dcc00000,0x00000000dcc00000,0x00000000dd700000)
 ParOldGen       total 55808K, used 8957K [0x0000000080000000, 0x0000000083680000, 0x00000000d5580000)
  object space 55808K, 16% used [0x0000000080000000,0x00000000808bf700,0x0000000083680000)
 Metaspace       used 32236K, capacity 33060K, committed 33328K, reserved 1077248K
  class space    used 4399K, capacity 4613K, committed 4656K, reserved 1048576K
Event: 4.194 GC heap after
Heap after GC invocations=9 (full 1):
 PSYoungGen      total 120832K, used 8679K [0x00000000d5580000, 0x00000000dd780000, 0x0000000100000000)
  eden space 109568K, 0% used [0x00000000d5580000,0x00000000d5580000,0x00000000dc080000)
  from space 11264K, 77% used [0x00000000dcc00000,0x00000000dd479d70,0x00000000dd700000)
  to   space 11776K, 0% used [0x00000000dc080000,0x00000000dc080000,0x00000000dcc00000)
 ParOldGen       total 55808K, used 8965K [0x0000000080000000, 0x0000000083680000, 0x00000000d5580000)
  object space 55808K, 16% used [0x0000000080000000,0x00000000808c1700,0x0000000083680000)
 Metaspace       used 32236K, capacity 33060K, committed 33328K, reserved 1077248K
  class space    used 4399K, capacity 4613K, committed 4656K, reserved 1048576K
}
Event: 4.432 GC heap before
{Heap before GC invocations=10 (full 1):
 PSYoungGen      total 120832K, used 57313K [0x00000000d5580000, 0x00000000dd780000, 0x0000000100000000)
  eden space 109568K, 44% used [0x00000000d5580000,0x00000000d84fe8e0,0x00000000dc080000)
  from space 11264K, 77% used [0x00000000dcc00000,0x00000000dd479d70,0x00000000dd700000)
  to   space 11776K, 0% used [0x00000000dc080000,0x00000000dc080000,0x00000000dcc00000)
 ParOldGen       total 55808K, used 8965K [0x0000000080000000, 0x0000000083680000, 0x00000000d5580000)
  object space 55808K, 16% used [0x0000000080000000,0x00000000808c1700,0x0000000083680000)
 Metaspace       used 34538K, capacity 35410K, committed 35496K, reserved 1079296K
  class space    used 4740K, capacity 4974K, committed 5040K, reserved 1048576K
Event: 4.441 GC heap after
Heap after GC invocations=10 (full 1):
 PSYoungGen      total 121344K, used 8824K [0x00000000d5580000, 0x00000000e0800000, 0x0000000100000000)
  eden space 109568K, 0% used [0x00000000d5580000,0x00000000d5580000,0x00000000dc080000)
  from space 11776K, 74% used [0x00000000dc080000,0x00000000dc91e0d8,0x00000000dcc00000)
  to   space 11776K, 0% used [0x00000000dfc80000,0x00000000dfc80000,0x00000000e0800000)
 ParOldGen       total 55808K, used 8973K [0x0000000080000000, 0x0000000083680000, 0x00000000d5580000)
  object space 55808K, 16% used [0x0000000080000000,0x00000000808c3700,0x0000000083680000)
 Metaspace       used 34538K, capacity 35410K, committed 35496K, reserved 1079296K
  class space    used 4740K, capacity 4974K, committed 5040K, reserved 1048576K
}
Event: 4.441 GC heap before
{Heap before GC invocations=11 (full 2):
 PSYoungGen      total 121344K, used 8824K [0x00000000d5580000, 0x00000000e0800000, 0x0000000100000000)
  eden space 109568K, 0% used [0x00000000d5580000,0x00000000d5580000,0x00000000dc080000)
  from space 11776K, 74% used [0x00000000dc080000,0x00000000dc91e0d8,0x00000000dcc00000)
  to   space 11776K, 0% used [0x00000000dfc80000,0x00000000dfc80000,0x00000000e0800000)
 ParOldGen       total 55808K, used 8973K [0x0000000080000000, 0x0000000083680000, 0x00000000d5580000)
  object space 55808K, 16% used [0x0000000080000000,0x00000000808c3700,0x0000000083680000)
 Metaspace       used 34538K, capacity 35410K, committed 35496K, reserved 1079296K
  class space    used 4740K, capacity 4974K, committed 5040K, reserved 1048576K
Event: 4.477 GC heap after
Heap after GC invocations=11 (full 2):
 PSYoungGen      total 121344K, used 0K [0x00000000d5580000, 0x00000000e0800000, 0x0000000100000000)
  eden space 109568K, 0% used [0x00000000d5580000,0x00000000d5580000,0x00000000dc080000)
  from space 11776K, 0% used [0x00000000dc080000,0x00000000dc080000,0x00000000dcc00000)
  to   space 11776K, 0% used [0x00000000dfc80000,0x00000000dfc80000,0x00000000e0800000)
 ParOldGen       total 81408K, used 15303K [0x0000000080000000, 0x0000000084f80000, 0x00000000d5580000)
  object space 81408K, 18% used [0x0000000080000000,0x0000000080ef1cb8,0x0000000084f80000)
 Metaspace       used 34538K, capacity 35410K, committed 35496K, reserved 1079296K
  class space    used 4740K, capacity 4974K, committed 5040K, reserved 1048576K
}
Event: 6.497 GC heap before
{Heap before GC invocations=12 (full 2):
 PSYoungGen      total 121344K, used 109568K [0x00000000d5580000, 0x00000000e0800000, 0x0000000100000000)
  eden space 109568K, 100% used [0x00000000d5580000,0x00000000dc080000,0x00000000dc080000)
  from space 11776K, 0% used [0x00000000dc080000,0x00000000dc080000,0x00000000dcc00000)
  to   space 11776K, 0% used [0x00000000dfc80000,0x00000000dfc80000,0x00000000e0800000)
 ParOldGen       total 81408K, used 15303K [0x0000000080000000, 0x0000000084f80000, 0x00000000d5580000)
  object space 81408K, 18% used [0x0000000080000000,0x0000000080ef1cb8,0x0000000084f80000)
 Metaspace       used 44279K, capacity 45744K, committed 45872K, reserved 1089536K
  class space    used 5994K, capacity 6328K, committed 6448K, reserved 1048576K
Event: 6.508 GC heap after
Heap after GC invocations=12 (full 2):
 PSYoungGen      total 153088K, used 11770K [0x00000000d5580000, 0x00000000e0800000, 0x0000000100000000)
  eden space 141312K, 0% used [0x00000000d5580000,0x00000000d5580000,0x00000000ddf80000)
  from space 11776K, 99% used [0x00000000dfc80000,0x00000000e07fe918,0x00000000e0800000)
  to   space 13824K, 0% used [0x00000000ded00000,0x00000000ded00000,0x00000000dfa80000)
 ParOldGen       total 81408K, used 17505K [0x0000000080000000, 0x0000000084f80000, 0x00000000d5580000)
  object space 81408K, 21% used [0x0000000080000000,0x0000000081118580,0x0000000084f80000)
 Metaspace       used 44279K, capacity 45744K, committed 45872K, reserved 1089536K
  class space    used 5994K, capacity 6328K, committed 6448K, reserved 1048576K
}

Deoptimization events (10 events):
Event: 6.465 Thread 0x000000001c2e6000 Uncommon trap: reason=unstable_if action=reinterpret pc=0x0000000002e8ca70 method=java.util.jar.JarFile.maybeInstantiateVerifier()V @ 4
Event: 6.482 Thread 0x000000001c2e6000 Uncommon trap: reason=unstable_if action=reinterpret pc=0x000000000346b094 method=java.util.jar.JarFile.maybeInstantiateVerifier()V @ 4
Event: 6.482 Thread 0x000000001c2e6000 Uncommon trap: reason=unstable_if action=reinterpret pc=0x0000000003630070 method=java.security.CodeSource.<init>(Ljava/net/URL;[Ljava/security/CodeSigner;)V @ 25
Event: 6.486 Thread 0x000000001c2e6000 Uncommon trap: reason=unstable_if action=reinterpret pc=0x0000000002eff46c method=java.security.CodeSource.getCertificates()[Ljava/security/cert/Certificate; @ 22
Event: 6.487 Thread 0x000000001c2e6000 Uncommon trap: reason=unstable_if action=reinterpret pc=0x0000000003320610 method=java.util.jar.JarFile.maybeInstantiateVerifier()V @ 4
Event: 6.489 Thread 0x000000001c2e6000 Uncommon trap: reason=unstable_if action=reinterpret pc=0x00000000033ce33c method=java.security.CodeSource.matchCerts(Ljava/security/CodeSource;Z)Z @ 11
Event: 6.521 Thread 0x000000001c2e6000 Uncommon trap: reason=unstable_if action=reinterpret pc=0x00000000034b6c64 method=java.util.LinkedHashMap.get(Ljava/lang/Object;)Ljava/lang/Object; @ 20
Event: 6.874 Thread 0x000000001c2e6000 Uncommon trap: reason=unstable_if action=reinterpret pc=0x000000000336f9f0 method=org.gradle.internal.reflect.PropertyAccessorType.of(Ljava/lang/reflect/Method;)Lorg/gradle/internal/reflect/PropertyAccessorType; @ 56
Event: 7.214 Thread 0x000000001c2e6000 Uncommon trap: reason=unstable_if action=reinterpret pc=0x0000000002a97170 method=org.gradle.internal.instantiation.generator.AbstractClassGenerator$InjectionAnnotationValidator.validateMethod(Ljava/lang/reflect/Method;Lorg/gradle/internal/reflect/Propert
Event: 7.214 Thread 0x000000001c2e6000 Uncommon trap: reason=unstable_if action=reinterpret pc=0x0000000002d52d84 method=org.gradle.internal.instantiation.generator.AbstractClassGenerator$InjectionAnnotationValidator.validateMethod(Ljava/lang/reflect/Method;Lorg/gradle/internal/reflect/Propert

Classes redefined (0 events):
No events

Internal exceptions (10 events):
Event: 7.341 Thread 0x000000001c2e6000 Exception <a 'java/lang/ClassNotFoundException': org/gradle/api/internal/file/AbstractFileCollectionBeanInfo> (0x00000000d99b56c8) thrown at [C:\src\AOSP-openjdk-git\hotspot\src\share\vm\classfile\systemDictionary.cpp, line 210]
Event: 7.341 Thread 0x000000001c2e6000 Exception <a 'java/lang/ClassNotFoundException': org/gradle/api/internal/file/AbstractFileCollectionCustomizer> (0x00000000d99f4d10) thrown at [C:\src\AOSP-openjdk-git\hotspot\src\share\vm\classfile\systemDictionary.cpp, line 210]
Event: 7.342 Thread 0x000000001c2e6000 Exception <a 'java/lang/ClassNotFoundException': org/gradle/api/internal/file/CompositeFileCollectionCustomizer> (0x00000000d9a45530) thrown at [C:\src\AOSP-openjdk-git\hotspot\src\share\vm\classfile\systemDictionary.cpp, line 210]
Event: 7.342 Thread 0x000000001c2e6000 Exception <a 'java/lang/ClassNotFoundException': org/gradle/api/internal/file/CompositeFileTreeCustomizer> (0x00000000d9a8fb30) thrown at [C:\src\AOSP-openjdk-git\hotspot\src\share\vm\classfile\systemDictionary.cpp, line 210]
Event: 7.343 Thread 0x000000001c2e6000 Exception <a 'java/lang/ClassNotFoundException': org/gradle/api/internal/file/collections/DefaultConfigurableFileTreeCustomizer> (0x00000000d9ae6778) thrown at [C:\src\AOSP-openjdk-git\hotspot\src\share\vm\classfile\systemDictionary.cpp, line 210]
Event: 7.416 Thread 0x000000001c2e6000 Exception <a 'java/lang/ClassNotFoundException': org/gradle/api/plugins/internal/DefaultBasePluginConventionBeanInfo> (0x00000000da235270) thrown at [C:\src\AOSP-openjdk-git\hotspot\src\share\vm\classfile\systemDictionary.cpp, line 210]
Event: 7.417 Thread 0x000000001c2e6000 Exception <a 'java/lang/ClassNotFoundException': org/gradle/api/plugins/BasePluginConventionBeanInfo> (0x00000000da260cd8) thrown at [C:\src\AOSP-openjdk-git\hotspot\src\share\vm\classfile\systemDictionary.cpp, line 210]
Event: 7.417 Thread 0x000000001c2e6000 Exception <a 'java/lang/ClassNotFoundException': org/gradle/api/plugins/BasePluginConventionCustomizer> (0x00000000da28ce78) thrown at [C:\src\AOSP-openjdk-git\hotspot\src\share\vm\classfile\systemDictionary.cpp, line 210]
Event: 7.417 Thread 0x000000001c2e6000 Exception <a 'java/lang/ClassNotFoundException': org/gradle/api/plugins/internal/DefaultBasePluginConventionCustomizer> (0x00000000da2d66d8) thrown at [C:\src\AOSP-openjdk-git\hotspot\src\share\vm\classfile\systemDictionary.cpp, line 210]
Event: 7.422 Thread 0x000000001c2e6000 Exception <a 'java/lang/NoSuchMethodError': java.lang.Object.lambda$comparingInt$7b0bb60$1(Ljava/util/function/ToIntFunction;Ljava/lang/Object;Ljava/lang/Object;)I> (0x00000000da347848) thrown at [C:\src\AOSP-openjdk-git\hotspot\src\share\vm\interpreter\l

Events (10 events):
Event: 7.616 loading class org/gradle/api/internal/java/usagecontext/ConfigurationVariantMapping
Event: 7.616 loading class org/gradle/api/internal/java/usagecontext/ConfigurationVariantMapping done
Event: 7.616 loading class org/gradle/api/internal/java/usagecontext/ConfigurationVariantDetailsInternal
Event: 7.616 loading class org/gradle/api/internal/java/usagecontext/ConfigurationVariantDetailsInternal done
Event: 7.617 loading class org/gradle/api/component/SoftwareComponentContainer
Event: 7.617 loading class org/gradle/api/component/SoftwareComponentContainer done
Event: 7.618 loading class com/android/build/gradle/internal/tasks/TestPreBuildTask
Event: 7.618 loading class com/android/build/gradle/internal/tasks/TestPreBuildTask done
Event: 7.619 loading class com/android/build/gradle/internal/tasks/ClasspathComparisonTask
Event: 7.619 loading class com/android/build/gradle/internal/tasks/ClasspathComparisonTask done


Dynamic libraries:
0x00007ff67fbf0000 - 0x00007ff67fc21000 	C:\Program Files\Android\Android Studio\jre\bin\java.exe
0x00007ffeb5d40000 - 0x00007ffeb5f30000 	C:\Windows\SYSTEM32\ntdll.dll
0x00007ffeb4940000 - 0x00007ffeb49f2000 	C:\Windows\System32\KERNEL32.DLL
0x00007ffeb3b40000 - 0x00007ffeb3de5000 	C:\Windows\System32\KERNELBASE.dll
0x00007ffeb3df0000 - 0x00007ffeb3e93000 	C:\Windows\System32\ADVAPI32.dll
0x00007ffeb53a0000 - 0x00007ffeb543e000 	C:\Windows\System32\msvcrt.dll
0x00007ffeb4bb0000 - 0x00007ffeb4c47000 	C:\Windows\System32\sechost.dll
0x00007ffeb4780000 - 0x00007ffeb48a0000 	C:\Windows\System32\RPCRT4.dll
0x00007ffeb4cb0000 - 0x00007ffeb4e44000 	C:\Windows\System32\USER32.dll
0x00007ffeb3970000 - 0x00007ffeb3991000 	C:\Windows\System32\win32u.dll
0x00007ffeb5580000 - 0x00007ffeb55a6000 	C:\Windows\System32\GDI32.dll
0x00007ffeb39a0000 - 0x00007ffeb3b36000 	C:\Windows\System32\gdi32full.dll
0x00007ffeb2f10000 - 0x00007ffeb2fae000 	C:\Windows\System32\msvcp_win.dll
0x00007ffeb2e10000 - 0x00007ffeb2f0a000 	C:\Windows\System32\ucrtbase.dll
0x00007ffea43e0000 - 0x00007ffea4664000 	C:\Windows\WinSxS\amd64_microsoft.windows.common-controls_6595b64144ccf1df_6.0.18362.1256_none_9e7e379be45e40e2\COMCTL32.dll
0x00007ffeb4e50000 - 0x00007ffeb5186000 	C:\Windows\System32\combase.dll
0x00007ffeb2cb0000 - 0x00007ffeb2d31000 	C:\Windows\System32\bcryptPrimitives.dll
0x00007ffeb48a0000 - 0x00007ffeb48ce000 	C:\Windows\System32\IMM32.DLL
0x0000000051d60000 - 0x0000000051e32000 	C:\Program Files\Android\Android Studio\jre\jre\bin\msvcr100.dll
0x0000000077360000 - 0x0000000077bab000 	C:\Program Files\Android\Android Studio\jre\jre\bin\server\jvm.dll
0x00007ffeb4120000 - 0x00007ffeb4128000 	C:\Windows\System32\PSAPI.DLL
0x00007ffeae820000 - 0x00007ffeae82a000 	C:\Windows\SYSTEM32\VERSION.dll
0x00007ffea86b0000 - 0x00007ffea86b9000 	C:\Windows\SYSTEM32\WSOCK32.dll
0x00007ffeaa180000 - 0x00007ffeaa1a4000 	C:\Windows\SYSTEM32\WINMM.dll
0x00007ffeb48d0000 - 0x00007ffeb493f000 	C:\Windows\System32\WS2_32.dll
0x00007ffea9dc0000 - 0x00007ffea9ded000 	C:\Windows\SYSTEM32\winmmbase.dll
0x00007ffeb2fb0000 - 0x00007ffeb2ffa000 	C:\Windows\System32\cfgmgr32.dll
0x00007ffea6730000 - 0x00007ffea673f000 	C:\Program Files\Android\Android Studio\jre\jre\bin\verify.dll
0x00007ffe9a9f0000 - 0x00007ffe9aa19000 	C:\Program Files\Android\Android Studio\jre\jre\bin\java.dll
0x00007ffe93060000 - 0x00007ffe93076000 	C:\Program Files\Android\Android Studio\jre\jre\bin\zip.dll
0x00007ffeb5610000 - 0x00007ffeb5cf7000 	C:\Windows\System32\SHELL32.dll
0x00007ffeb52f0000 - 0x00007ffeb5399000 	C:\Windows\System32\shcore.dll
0x00007ffeb3000000 - 0x00007ffeb3781000 	C:\Windows\System32\windows.storage.dll
0x00007ffeb2c60000 - 0x00007ffeb2c83000 	C:\Windows\System32\profapi.dll
0x00007ffeb2bf0000 - 0x00007ffeb2c3a000 	C:\Windows\System32\powrprof.dll
0x00007ffeb2be0000 - 0x00007ffeb2bf0000 	C:\Windows\System32\UMPDC.dll
0x00007ffeb4a80000 - 0x00007ffeb4ad2000 	C:\Windows\System32\shlwapi.dll
0x00007ffeb2c40000 - 0x00007ffeb2c51000 	C:\Windows\System32\kernel.appcore.dll
0x00007ffeb2d40000 - 0x00007ffeb2d57000 	C:\Windows\System32\cryptsp.dll
0x00007ffe92a80000 - 0x00007ffe92a9a000 	C:\Program Files\Android\Android Studio\jre\jre\bin\net.dll
0x00007ffeb23d0000 - 0x00007ffeb2437000 	C:\Windows\system32\mswsock.dll
0x00007ffe92960000 - 0x00007ffe92973000 	C:\Program Files\Android\Android Studio\jre\jre\bin\nio.dll
0x00007ffe887f0000 - 0x00007ffe88816000 	C:\Users\nives\.gradle\native\31\windows-amd64\native-platform.dll
0x00007ffea58a0000 - 0x00007ffea58ad000 	C:\Program Files\Android\Android Studio\jre\jre\bin\management.dll
0x00007ffeb1f40000 - 0x00007ffeb1f73000 	C:\Windows\system32\rsaenh.dll
0x00007ffeb3790000 - 0x00007ffeb37b6000 	C:\Windows\System32\bcrypt.dll
0x00007ffeb2b00000 - 0x00007ffeb2b25000 	C:\Windows\SYSTEM32\USERENV.dll
0x00007ffeb25a0000 - 0x00007ffeb25ac000 	C:\Windows\SYSTEM32\CRYPTBASE.dll
0x00007ffeb20e0000 - 0x00007ffeb211a000 	C:\Windows\SYSTEM32\IPHLPAPI.DLL
0x00007ffeb46a0000 - 0x00007ffeb46a8000 	C:\Windows\System32\NSI.dll
0x00007ffeadab0000 - 0x00007ffeadac6000 	C:\Windows\SYSTEM32\dhcpcsvc6.DLL
0x00007ffead990000 - 0x00007ffead9ac000 	C:\Windows\SYSTEM32\dhcpcsvc.DLL
0x00007ffeb2120000 - 0x00007ffeb21eb000 	C:\Windows\SYSTEM32\DNSAPI.dll

VM Arguments:
jvm_args: -Xmx2048m -Dfile.encoding=windows-1252 -Duser.country=BR -Duser.language=pt -Duser.variant 
java_command: org.gradle.launcher.daemon.bootstrap.GradleDaemon 6.1.1
java_class_path (initial): C:\Users\nives\.gradle\wrapper\dists\gradle-6.1.1-all\cfmwm155h49vnt3hynmlrsdst\gradle-6.1.1\lib\gradle-launcher-6.1.1.jar
Launcher Type: SUN_STANDARD

Environment Variables:
PATH=C:\Program Files\NVIDIA GPU Computing Toolkit\CUDA\v10.1\bin;C:\Program Files\NVIDIA GPU Computing Toolkit\CUDA\v10.1\libnvvp;C:\Program Files (x86)\Common Files\Oracle\Java\javapath;C:\Program Files (x86)\Intel\Intel(R) Management Engine Components\iCLS\;C:\Program Files\Intel\Intel(R) Management Engine Components\iCLS\;C:\Windows\system32;C:\Windows;C:\Windows\System32\Wbem;C:\Windows\System32\WindowsPowerShell\v1.0\;C:\Windows\System32\OpenSSH\;C:\Program Files (x86)\NVIDIA Corporation\PhysX\Common;C:\Program Files (x86)\Intel\Intel(R) Management Engine Components\DAL;C:\Program Files\Intel\Intel(R) Management Engine Components\DAL;C:\Program Files (x86)\Intel\Intel(R) Management Engine Components\IPT;C:\Program Files\Intel\Intel(R) Management Engine Components\IPT;C:\Program Files\Git\cmd;C:\Program Files\NVIDIA Corporation\Nsight Compute 2019.1\;C:\Users\nives\AppData\Local\Programs\Python\Python39\Scripts\;C:\Users\nives\AppData\Local\Programs\Python\Python39\;C:\Users\nives\AppData\Local\Microsoft\WindowsApps;;C:\Users\nives\AppData\Local\Programs\Microsoft VS Code\bin
USERNAME=nives
OS=Windows_NT
PROCESSOR_IDENTIFIER=Intel64 Family 6 Model 158 Stepping 10, GenuineIntel



---------------  S Y S T E M  ---------------

OS: Windows 10.0 , 64 bit Build 18362 (10.0.18362.1110)

CPU:total 8 (initial active 8) (4 cores per cpu, 2 threads per core) family 6 model 158 stepping 10, cmov, cx8, fxsr, mmx, sse, sse2, sse3, ssse3, sse4.1, sse4.2, popcnt, avx, avx2, aes, clmul, erms, 3dnowpref, lzcnt, ht, tsc, tscinvbit, bmi1, bmi2, adx

Memory: 4k page, physical 8227124k(613420k free), swap 10275124k(5472k free)

vm_info: OpenJDK 64-Bit Server VM (25.242-b01) for windows-amd64 JRE (1.8.0_242-release-1644-b01), built by "builder" with MS VC++ 10.0 (VS2010)

time: Mon Dec 21 20:06:00 2020
timezone: UTC-02
elapsed time: 7 seconds (0d 0h 0m 7s)

